<?xml version="1.0" encoding="UTF-8"?>
<!-- Generated by org.testng.reporters.JUnitReportReporter -->
<testsuite hostname="admin-HP" name="org.testing.testScript.TC2" tests="1" failures="0" timestamp="18 Mar 2020 04:29:14 GMT" time="39.246" errors="0">
  <testcase name="Subscription" time="39.246" classname="org.testing.testScript.TC2"/>
</testsuite> <!-- org.testing.testScript.TC2 -->
