<?xml version="1.0" encoding="UTF-8"?>
<!-- Generated by org.testng.reporters.JUnitReportReporter -->
<testsuite hostname="admin-HP" name="org.testing.testScript.TC3" tests="1" failures="0" timestamp="18 Mar 2020 04:29:14 GMT" time="43.444" errors="0">
  <testcase name="videoplay_like" time="43.444" classname="org.testing.testScript.TC3"/>
</testsuite> <!-- org.testing.testScript.TC3 -->
