<?xml version="1.0" encoding="UTF-8"?>
<!-- Generated by org.testng.reporters.JUnitReportReporter -->
<testsuite hostname="admin-HP" name="org.testing.testScript.TC6" tests="1" failures="0" timestamp="18 Mar 2020 04:29:14 GMT" time="36.836" errors="0">
  <testcase name="liBRARY" time="36.836" classname="org.testing.testScript.TC6"/>
</testsuite> <!-- org.testing.testScript.TC6 -->
